<?xml version="1.0" encoding="UTF-8"?>
<!-- Generated by org.testng.reporters.JUnitReportReporter -->
<testsuite hostname="DESKTOP-TFKBUC8" failures="0" tests="2" name="com.invbanking.testclasses.TC_loginpage" time="3.888" errors="0" timestamp="18 Jun 2021 18:01:14 GMT" skipped="0">
  <testcase classname="com.invbanking.testclasses.TC_loginpage" name="logintest" time="2.474"/>
  <testcase classname="com.invbanking.testclasses.TC_loginpage" name="logintest" time="1.414"/>
</testsuite> <!-- com.invbanking.testclasses.TC_loginpage -->
