<?xml version="1.0" encoding="UTF-8"?>
<!-- Generated by org.testng.reporters.JUnitReportReporter -->
<testsuite hostname="DESKTOP-TFKBUC8" failures="0" tests="2" name="com.invbanking.testclasses.TC_loginpage" time="4.384" errors="0" timestamp="18 Jun 2021 18:37:04 GMT" skipped="0">
  <testcase classname="com.invbanking.testclasses.TC_loginpage" name="logintest" time="2.542"/>
  <testcase classname="com.invbanking.testclasses.TC_loginpage" name="logintest" time="1.842"/>
</testsuite> <!-- com.invbanking.testclasses.TC_loginpage -->
