<?xml version="1.0" encoding="UTF-8"?>
<!-- Generated by org.testng.reporters.JUnitReportReporter -->
<testsuite hostname="DESKTOP-TFKBUC8" failures="0" tests="1" name="pom.testclasses.testclass2" time="25.420" errors="0" timestamp="2021-06-09T19:53:16 IST" skipped="0">
  <testcase classname="pom.testclasses.testclass2" name="test" time="25.420"/>
  <system-out/>
</testsuite> <!-- pom.testclasses.testclass2 -->
