<?xml version="1.0" encoding="UTF-8"?>
<!-- Generated by org.testng.reporters.JUnitReportReporter -->
<testsuite hostname="DESKTOP-TFKBUC8" failures="0" tests="1" name="pom.testclasses.testclass1" time="8.182" errors="0" timestamp="2021-06-09T19:53:16 IST" skipped="0">
  <testcase classname="pom.testclasses.testclass1" name="test1" time="8.182"/>
  <system-out/>
</testsuite> <!-- pom.testclasses.testclass1 -->
