<?xml version="1.0" encoding="UTF-8"?>
<!-- Generated by org.testng.reporters.JUnitReportReporter -->
<testsuite hostname="DESKTOP-TFKBUC8" failures="0" tests="4" name="demo.test1" time="13.378" errors="0" timestamp="2021-06-05T18:11:08 IST" skipped="0">
  <testcase classname="demo.test1" name="test2" time="2.394"/>
  <system-out/>
  <testcase classname="demo.test1" name="test1" time="6.285"/>
  <system-out/>
  <testcase classname="demo.test1" name="test2" time="2.304"/>
  <system-out/>
  <testcase classname="demo.test1" name="test2" time="2.395"/>
  <system-out/>
</testsuite> <!-- demo.test1 -->
