<?xml version="1.0" encoding="UTF-8"?>
<!-- Generated by org.testng.reporters.JUnitReportReporter -->
<testsuite hostname="DESKTOP-TFKBUC8" failures="0" tests="2" name="com.invbanking.testclasses.TC_loginpage" time="2.610" errors="0" timestamp="18 Jun 2021 18:21:30 GMT" skipped="0">
  <testcase classname="com.invbanking.testclasses.TC_loginpage" name="logintest" time="1.719"/>
  <testcase classname="com.invbanking.testclasses.TC_loginpage" name="logintest" time="0.891"/>
</testsuite> <!-- com.invbanking.testclasses.TC_loginpage -->
